Analysis & Synthesis report for Lab2Impl
Wed Nov 20 14:22:05 2024
Quartus Prime Version 22.1std.0 Build 915 10/25/2022 SC Standard Edition


---------------------
; Table of Contents ;
---------------------
  1. Legal Notice
  2. Analysis & Synthesis Summary
  3. Analysis & Synthesis Settings
  4. Parallel Compilation
  5. Analysis & Synthesis Source Files Read
  6. Analysis & Synthesis Resource Usage Summary
  7. Analysis & Synthesis Resource Utilization by Entity
  8. State Machine - |Lab2Impl|uart_rx:rx_mod|state
  9. State Machine - |Lab2Impl|uart_tx:tx_mod|state
 10. Registers Removed During Synthesis
 11. General Register Statistics
 12. Inverted Register Statistics
 13. Multiplexer Restructuring Statistics (Restructuring Performed)
 14. Parameter Settings for User Entity Instance: ClockDivider:clk_mod_tx
 15. Parameter Settings for User Entity Instance: ClockDivider:clk_mod_rx
 16. Port Connectivity Checks: "ClockDivider:clk_mod_rx"
 17. Port Connectivity Checks: "ClockDivider:clk_mod_tx"
 18. Port Connectivity Checks: "uart_rx:rx_mod"
 19. Port Connectivity Checks: "uart_tx:tx_mod"
 20. Post-Synthesis Netlist Statistics for Top Partition
 21. Elapsed Time Per Partition
 22. Analysis & Synthesis Messages



----------------
; Legal Notice ;
----------------
Copyright (C) 2022  Intel Corporation. All rights reserved.
Your use of Intel Corporation's design tools, logic functions 
and other software and tools, and any partner logic 
functions, and any output files from any of the foregoing 
(including device programming or simulation files), and any 
associated documentation or information are expressly subject 
to the terms and conditions of the Intel Program License 
Subscription Agreement, the Intel Quartus Prime License Agreement,
the Intel FPGA IP License Agreement, or other applicable license
agreement, including, without limitation, that your use is for
the sole purpose of programming logic devices manufactured by
Intel and sold by Intel or its authorized distributors.  Please
refer to the applicable agreement for further details, at
https://fpgasoftware.intel.com/eula.



+--------------------------------------------------------------------------------------+
; Analysis & Synthesis Summary                                                         ;
+---------------------------------+----------------------------------------------------+
; Analysis & Synthesis Status     ; Successful - Wed Nov 20 14:22:05 2024              ;
; Quartus Prime Version           ; 22.1std.0 Build 915 10/25/2022 SC Standard Edition ;
; Revision Name                   ; Lab2Impl                                           ;
; Top-level Entity Name           ; Lab2Impl                                           ;
; Family                          ; Cyclone V                                          ;
; Logic utilization (in ALMs)     ; N/A                                                ;
; Total registers                 ; 79                                                 ;
; Total pins                      ; 24                                                 ;
; Total virtual pins              ; 0                                                  ;
; Total block memory bits         ; 0                                                  ;
; Total DSP Blocks                ; 0                                                  ;
; Total HSSI RX PCSs              ; 0                                                  ;
; Total HSSI PMA RX Deserializers ; 0                                                  ;
; Total HSSI TX PCSs              ; 0                                                  ;
; Total HSSI PMA TX Serializers   ; 0                                                  ;
; Total PLLs                      ; 0                                                  ;
; Total DLLs                      ; 0                                                  ;
+---------------------------------+----------------------------------------------------+


+---------------------------------------------------------------------------------------------------------------------------+
; Analysis & Synthesis Settings                                                                                             ;
+---------------------------------------------------------------------------------+--------------------+--------------------+
; Option                                                                          ; Setting            ; Default Value      ;
+---------------------------------------------------------------------------------+--------------------+--------------------+
; Device                                                                          ; 5CSEMA5F31C6       ;                    ;
; Top-level entity name                                                           ; Lab2Impl           ; Lab2Impl           ;
; Family name                                                                     ; Cyclone V          ; Cyclone V          ;
; Use smart compilation                                                           ; Off                ; Off                ;
; Enable parallel Assembler and Timing Analyzer during compilation                ; On                 ; On                 ;
; Enable compact report table                                                     ; Off                ; Off                ;
; Restructure Multiplexers                                                        ; Auto               ; Auto               ;
; MLAB Add Timing Constraints For Mixed-Port Feed-Through Mode Setting Don't Care ; Off                ; Off                ;
; Create Debugging Nodes for IP Cores                                             ; Off                ; Off                ;
; Preserve fewer node names                                                       ; On                 ; On                 ;
; Intel FPGA IP Evaluation Mode                                                   ; Enable             ; Enable             ;
; Verilog Version                                                                 ; Verilog_2001       ; Verilog_2001       ;
; VHDL Version                                                                    ; VHDL_1993          ; VHDL_1993          ;
; State Machine Processing                                                        ; Auto               ; Auto               ;
; Safe State Machine                                                              ; Off                ; Off                ;
; Extract Verilog State Machines                                                  ; On                 ; On                 ;
; Extract VHDL State Machines                                                     ; On                 ; On                 ;
; Ignore Verilog initial constructs                                               ; Off                ; Off                ;
; Iteration limit for constant Verilog loops                                      ; 5000               ; 5000               ;
; Iteration limit for non-constant Verilog loops                                  ; 250                ; 250                ;
; Add Pass-Through Logic to Inferred RAMs                                         ; On                 ; On                 ;
; Infer RAMs from Raw Logic                                                       ; On                 ; On                 ;
; Parallel Synthesis                                                              ; On                 ; On                 ;
; DSP Block Balancing                                                             ; Auto               ; Auto               ;
; NOT Gate Push-Back                                                              ; On                 ; On                 ;
; Power-Up Don't Care                                                             ; On                 ; On                 ;
; Remove Redundant Logic Cells                                                    ; Off                ; Off                ;
; Remove Duplicate Registers                                                      ; On                 ; On                 ;
; Ignore CARRY Buffers                                                            ; Off                ; Off                ;
; Ignore CASCADE Buffers                                                          ; Off                ; Off                ;
; Ignore GLOBAL Buffers                                                           ; Off                ; Off                ;
; Ignore ROW GLOBAL Buffers                                                       ; Off                ; Off                ;
; Ignore LCELL Buffers                                                            ; Off                ; Off                ;
; Ignore SOFT Buffers                                                             ; On                 ; On                 ;
; Limit AHDL Integers to 32 Bits                                                  ; Off                ; Off                ;
; Optimization Technique                                                          ; Balanced           ; Balanced           ;
; Carry Chain Length                                                              ; 70                 ; 70                 ;
; Auto Carry Chains                                                               ; On                 ; On                 ;
; Auto Open-Drain Pins                                                            ; On                 ; On                 ;
; Perform WYSIWYG Primitive Resynthesis                                           ; Off                ; Off                ;
; Auto ROM Replacement                                                            ; On                 ; On                 ;
; Auto RAM Replacement                                                            ; On                 ; On                 ;
; Auto DSP Block Replacement                                                      ; On                 ; On                 ;
; Auto Shift Register Replacement                                                 ; Auto               ; Auto               ;
; Allow Shift Register Merging across Hierarchies                                 ; Auto               ; Auto               ;
; Auto Clock Enable Replacement                                                   ; On                 ; On                 ;
; Strict RAM Replacement                                                          ; Off                ; Off                ;
; Allow Synchronous Control Signals                                               ; On                 ; On                 ;
; Force Use of Synchronous Clear Signals                                          ; Off                ; Off                ;
; Auto Resource Sharing                                                           ; Off                ; Off                ;
; Allow Any RAM Size For Recognition                                              ; Off                ; Off                ;
; Allow Any ROM Size For Recognition                                              ; Off                ; Off                ;
; Allow Any Shift Register Size For Recognition                                   ; Off                ; Off                ;
; Use LogicLock Constraints during Resource Balancing                             ; On                 ; On                 ;
; Ignore translate_off and synthesis_off directives                               ; Off                ; Off                ;
; Timing-Driven Synthesis                                                         ; On                 ; On                 ;
; Report Parameter Settings                                                       ; On                 ; On                 ;
; Report Source Assignments                                                       ; On                 ; On                 ;
; Report Connectivity Checks                                                      ; On                 ; On                 ;
; Ignore Maximum Fan-Out Assignments                                              ; Off                ; Off                ;
; Synchronization Register Chain Length                                           ; 3                  ; 3                  ;
; Power Optimization During Synthesis                                             ; Normal compilation ; Normal compilation ;
; HDL message level                                                               ; Level2             ; Level2             ;
; Suppress Register Optimization Related Messages                                 ; Off                ; Off                ;
; Number of Removed Registers Reported in Synthesis Report                        ; 5000               ; 5000               ;
; Number of Swept Nodes Reported in Synthesis Report                              ; 5000               ; 5000               ;
; Number of Inverted Registers Reported in Synthesis Report                       ; 100                ; 100                ;
; Clock MUX Protection                                                            ; On                 ; On                 ;
; Auto Gated Clock Conversion                                                     ; Off                ; Off                ;
; Block Design Naming                                                             ; Auto               ; Auto               ;
; SDC constraint protection                                                       ; Off                ; Off                ;
; Synthesis Effort                                                                ; Auto               ; Auto               ;
; Shift Register Replacement - Allow Asynchronous Clear Signal                    ; On                 ; On                 ;
; Pre-Mapping Resynthesis Optimization                                            ; Off                ; Off                ;
; Analysis & Synthesis Message Level                                              ; Medium             ; Medium             ;
; Disable Register Merging Across Hierarchies                                     ; Auto               ; Auto               ;
; Resource Aware Inference For Block RAM                                          ; On                 ; On                 ;
; Automatic Parallel Synthesis                                                    ; On                 ; On                 ;
; Partial Reconfiguration Bitstream ID                                            ; Off                ; Off                ;
+---------------------------------------------------------------------------------+--------------------+--------------------+


+------------------------------------------+
; Parallel Compilation                     ;
+----------------------------+-------------+
; Processors                 ; Number      ;
+----------------------------+-------------+
; Number detected on machine ; 12          ;
; Maximum allowed            ; 6           ;
;                            ;             ;
; Average used               ; 1.00        ;
; Maximum used               ; 6           ;
;                            ;             ;
; Usage by Processor         ; % Time Used ;
;     Processor 1            ; 100.0%      ;
;     Processor 2            ;   0.0%      ;
;     Processors 3-6         ;   0.0%      ;
+----------------------------+-------------+


+------------------------------------------------------------------------------------------------------------------------------------------+
; Analysis & Synthesis Source Files Read                                                                                                   ;
+----------------------------------+-----------------+------------------------+--------------------------------------------------+---------+
; File Name with User-Entered Path ; Used in Netlist ; File Type              ; File Name with Absolute Path                     ; Library ;
+----------------------------------+-----------------+------------------------+--------------------------------------------------+---------+
; Tx.v                             ; yes             ; User Verilog HDL File  ; /home/student/Downloads/Lab2uart/Lab2/Tx.v       ;         ;
; Rx.v                             ; yes             ; User Verilog HDL File  ; /home/student/Downloads/Lab2uart/Lab2/Rx.v       ;         ;
; Clock.v                          ; yes             ; User Verilog HDL File  ; /home/student/Downloads/Lab2uart/Lab2/Clock.v    ;         ;
; Lab2Impl.v                       ; yes             ; User Verilog HDL File  ; /home/student/Downloads/Lab2uart/Lab2/Lab2Impl.v ;         ;
+----------------------------------+-----------------+------------------------+--------------------------------------------------+---------+


+--------------------------------------------------------------------------------+
; Analysis & Synthesis Resource Usage Summary                                    ;
+---------------------------------------------+----------------------------------+
; Resource                                    ; Usage                            ;
+---------------------------------------------+----------------------------------+
; Estimate of Logic utilization (ALMs needed) ; 47                               ;
;                                             ;                                  ;
; Combinational ALUT usage for logic          ; 75                               ;
;     -- 7 input functions                    ; 0                                ;
;     -- 6 input functions                    ; 10                               ;
;     -- 5 input functions                    ; 18                               ;
;     -- 4 input functions                    ; 3                                ;
;     -- <=3 input functions                  ; 44                               ;
;                                             ;                                  ;
; Dedicated logic registers                   ; 79                               ;
;                                             ;                                  ;
; I/O pins                                    ; 24                               ;
;                                             ;                                  ;
; Total DSP Blocks                            ; 0                                ;
;                                             ;                                  ;
; Maximum fan-out node                        ; ClockDivider:clk_mod_rx|Equal0~6 ;
; Maximum fan-out                             ; 34                               ;
; Total fan-out                               ; 513                              ;
; Average fan-out                             ; 2.54                             ;
+---------------------------------------------+----------------------------------+


+---------------------------------------------------------------------------------------------------------------------------------------------------------------------------------------------------------+
; Analysis & Synthesis Resource Utilization by Entity                                                                                                                                                     ;
+------------------------------+---------------------+---------------------------+-------------------+------------+------+--------------+-----------------------------------+--------------+--------------+
; Compilation Hierarchy Node   ; Combinational ALUTs ; Dedicated Logic Registers ; Block Memory Bits ; DSP Blocks ; Pins ; Virtual Pins ; Full Hierarchy Name               ; Entity Name  ; Library Name ;
+------------------------------+---------------------+---------------------------+-------------------+------------+------+--------------+-----------------------------------+--------------+--------------+
; |Lab2Impl                    ; 75 (0)              ; 79 (0)                    ; 0                 ; 0          ; 24   ; 0            ; |Lab2Impl                         ; Lab2Impl     ; work         ;
;    |ClockDivider:clk_mod_rx| ; 40 (40)             ; 33 (33)                   ; 0                 ; 0          ; 0    ; 0            ; |Lab2Impl|ClockDivider:clk_mod_rx ; ClockDivider ; work         ;
;    |ClockDivider:clk_mod_tx| ; 1 (1)               ; 1 (1)                     ; 0                 ; 0          ; 0    ; 0            ; |Lab2Impl|ClockDivider:clk_mod_tx ; ClockDivider ; work         ;
;    |uart_rx:rx_mod|          ; 20 (20)             ; 26 (26)                   ; 0                 ; 0          ; 0    ; 0            ; |Lab2Impl|uart_rx:rx_mod          ; uart_rx      ; work         ;
;    |uart_tx:tx_mod|          ; 14 (14)             ; 19 (19)                   ; 0                 ; 0          ; 0    ; 0            ; |Lab2Impl|uart_tx:tx_mod          ; uart_tx      ; work         ;
+------------------------------+---------------------+---------------------------+-------------------+------------+------+--------------+-----------------------------------+--------------+--------------+
Note: For table entries with two numbers listed, the numbers in parentheses indicate the number of resources of the given type used by the specific entity alone. The numbers listed outside of parentheses indicate the total resources of the given type used by the specific entity and all of its sub-entities in the hierarchy.


Encoding Type:  One-Hot
+------------------------------------------------------------------+
; State Machine - |Lab2Impl|uart_rx:rx_mod|state                   ;
+-------------+------------+------------+-------------+------------+
; Name        ; state.STOP ; state.DATA ; state.START ; state.IDLE ;
+-------------+------------+------------+-------------+------------+
; state.IDLE  ; 0          ; 0          ; 0           ; 0          ;
; state.START ; 0          ; 0          ; 1           ; 1          ;
; state.DATA  ; 0          ; 1          ; 0           ; 1          ;
; state.STOP  ; 1          ; 0          ; 0           ; 1          ;
+-------------+------------+------------+-------------+------------+


Encoding Type:  One-Hot
+------------------------------------------------------------------+
; State Machine - |Lab2Impl|uart_tx:tx_mod|state                   ;
+-------------+------------+------------+-------------+------------+
; Name        ; state.STOP ; state.DATA ; state.START ; state.IDLE ;
+-------------+------------+------------+-------------+------------+
; state.IDLE  ; 0          ; 0          ; 0           ; 0          ;
; state.START ; 0          ; 0          ; 1           ; 1          ;
; state.DATA  ; 0          ; 1          ; 0           ; 1          ;
; state.STOP  ; 1          ; 0          ; 0           ; 1          ;
+-------------+------------+------------+-------------+------------+


+------------------------------------------------------------------------------------------+
; Registers Removed During Synthesis                                                       ;
+----------------------------------------+-------------------------------------------------+
; Register name                          ; Reason for Removal                              ;
+----------------------------------------+-------------------------------------------------+
; ClockDivider:clk_mod_tx|counter[7]     ; Merged with ClockDivider:clk_mod_rx|counter[7]  ;
; ClockDivider:clk_mod_tx|counter[6]     ; Merged with ClockDivider:clk_mod_rx|counter[6]  ;
; ClockDivider:clk_mod_tx|counter[5]     ; Merged with ClockDivider:clk_mod_rx|counter[5]  ;
; ClockDivider:clk_mod_tx|counter[4]     ; Merged with ClockDivider:clk_mod_rx|counter[4]  ;
; ClockDivider:clk_mod_tx|counter[3]     ; Merged with ClockDivider:clk_mod_rx|counter[3]  ;
; ClockDivider:clk_mod_tx|counter[0]     ; Merged with ClockDivider:clk_mod_rx|counter[0]  ;
; ClockDivider:clk_mod_tx|counter[31]    ; Merged with ClockDivider:clk_mod_rx|counter[31] ;
; ClockDivider:clk_mod_tx|counter[30]    ; Merged with ClockDivider:clk_mod_rx|counter[30] ;
; ClockDivider:clk_mod_tx|counter[29]    ; Merged with ClockDivider:clk_mod_rx|counter[29] ;
; ClockDivider:clk_mod_tx|counter[28]    ; Merged with ClockDivider:clk_mod_rx|counter[28] ;
; ClockDivider:clk_mod_tx|counter[27]    ; Merged with ClockDivider:clk_mod_rx|counter[27] ;
; ClockDivider:clk_mod_tx|counter[26]    ; Merged with ClockDivider:clk_mod_rx|counter[26] ;
; ClockDivider:clk_mod_tx|counter[25]    ; Merged with ClockDivider:clk_mod_rx|counter[25] ;
; ClockDivider:clk_mod_tx|counter[24]    ; Merged with ClockDivider:clk_mod_rx|counter[24] ;
; ClockDivider:clk_mod_tx|counter[23]    ; Merged with ClockDivider:clk_mod_rx|counter[23] ;
; ClockDivider:clk_mod_tx|counter[22]    ; Merged with ClockDivider:clk_mod_rx|counter[22] ;
; ClockDivider:clk_mod_tx|counter[21]    ; Merged with ClockDivider:clk_mod_rx|counter[21] ;
; ClockDivider:clk_mod_tx|counter[20]    ; Merged with ClockDivider:clk_mod_rx|counter[20] ;
; ClockDivider:clk_mod_tx|counter[19]    ; Merged with ClockDivider:clk_mod_rx|counter[19] ;
; ClockDivider:clk_mod_tx|counter[18]    ; Merged with ClockDivider:clk_mod_rx|counter[18] ;
; ClockDivider:clk_mod_tx|counter[17]    ; Merged with ClockDivider:clk_mod_rx|counter[17] ;
; ClockDivider:clk_mod_tx|counter[16]    ; Merged with ClockDivider:clk_mod_rx|counter[16] ;
; ClockDivider:clk_mod_tx|counter[15]    ; Merged with ClockDivider:clk_mod_rx|counter[15] ;
; ClockDivider:clk_mod_tx|counter[14]    ; Merged with ClockDivider:clk_mod_rx|counter[14] ;
; ClockDivider:clk_mod_tx|counter[13]    ; Merged with ClockDivider:clk_mod_rx|counter[13] ;
; ClockDivider:clk_mod_tx|counter[12]    ; Merged with ClockDivider:clk_mod_rx|counter[12] ;
; ClockDivider:clk_mod_tx|counter[11]    ; Merged with ClockDivider:clk_mod_rx|counter[11] ;
; ClockDivider:clk_mod_tx|counter[10]    ; Merged with ClockDivider:clk_mod_rx|counter[10] ;
; ClockDivider:clk_mod_tx|counter[9]     ; Merged with ClockDivider:clk_mod_rx|counter[9]  ;
; ClockDivider:clk_mod_tx|counter[8]     ; Merged with ClockDivider:clk_mod_rx|counter[8]  ;
; ClockDivider:clk_mod_tx|counter[2]     ; Merged with ClockDivider:clk_mod_rx|counter[2]  ;
; ClockDivider:clk_mod_tx|counter[1]     ; Merged with ClockDivider:clk_mod_rx|counter[1]  ;
; uart_rx:rx_mod|state~8                 ; Lost fanout                                     ;
; uart_rx:rx_mod|state~9                 ; Lost fanout                                     ;
; uart_rx:rx_mod|state~10                ; Lost fanout                                     ;
; uart_rx:rx_mod|state~11                ; Lost fanout                                     ;
; uart_tx:tx_mod|state~8                 ; Lost fanout                                     ;
; uart_tx:tx_mod|state~9                 ; Lost fanout                                     ;
; uart_tx:tx_mod|state~10                ; Lost fanout                                     ;
; uart_tx:tx_mod|state~11                ; Lost fanout                                     ;
; Total Number of Removed Registers = 40 ;                                                 ;
+----------------------------------------+-------------------------------------------------+


+------------------------------------------------------+
; General Register Statistics                          ;
+----------------------------------------------+-------+
; Statistic                                    ; Value ;
+----------------------------------------------+-------+
; Total registers                              ; 79    ;
; Number of registers using Synchronous Clear  ; 32    ;
; Number of registers using Synchronous Load   ; 8     ;
; Number of registers using Asynchronous Clear ; 0     ;
; Number of registers using Asynchronous Load  ; 0     ;
; Number of registers using Clock Enable       ; 18    ;
; Number of registers using Preset             ; 0     ;
+----------------------------------------------+-------+


+--------------------------------------------------+
; Inverted Register Statistics                     ;
+----------------------------------------+---------+
; Inverted Register                      ; Fan out ;
+----------------------------------------+---------+
; uart_tx:tx_mod|tx                      ; 2       ;
; Total number of inverted registers = 1 ;         ;
+----------------------------------------+---------+


+-----------------------------------------------------------------------------------------------------------------------------------------------------+
; Multiplexer Restructuring Statistics (Restructuring Performed)                                                                                      ;
+--------------------+-----------+---------------+----------------------+------------------------+------------+---------------------------------------+
; Multiplexer Inputs ; Bus Width ; Baseline Area ; Area if Restructured ; Saving if Restructured ; Registered ; Example Multiplexer Output            ;
+--------------------+-----------+---------------+----------------------+------------------------+------------+---------------------------------------+
; 4:1                ; 8 bits    ; 16 LEs        ; 0 LEs                ; 16 LEs                 ; Yes        ; |Lab2Impl|uart_tx:tx_mod|shift_reg[8] ;
; 6:1                ; 2 bits    ; 8 LEs         ; 4 LEs                ; 4 LEs                  ; No         ; |Lab2Impl|uart_rx:rx_mod|Selector3    ;
; 6:1                ; 2 bits    ; 8 LEs         ; 4 LEs                ; 4 LEs                  ; No         ; |Lab2Impl|uart_tx:tx_mod|Selector13   ;
+--------------------+-----------+---------------+----------------------+------------------------+------------+---------------------------------------+


+----------------------------------------------------------------------+
; Parameter Settings for User Entity Instance: ClockDivider:clk_mod_tx ;
+----------------+-------+---------------------------------------------+
; Parameter Name ; Value ; Type                                        ;
+----------------+-------+---------------------------------------------+
; DIVISOR        ; 250   ; Signed Integer                              ;
+----------------+-------+---------------------------------------------+
Note: In order to hide this table in the UI and the text report file, please set the "Show Parameter Settings in Synthesis Report" option in "Analysis and Synthesis Settings -> More Settings" to "Off".


+----------------------------------------------------------------------+
; Parameter Settings for User Entity Instance: ClockDivider:clk_mod_rx ;
+----------------+-------+---------------------------------------------+
; Parameter Name ; Value ; Type                                        ;
+----------------+-------+---------------------------------------------+
; DIVISOR        ; 250   ; Signed Integer                              ;
+----------------+-------+---------------------------------------------+
Note: In order to hide this table in the UI and the text report file, please set the "Show Parameter Settings in Synthesis Report" option in "Analysis and Synthesis Settings -> More Settings" to "Off".


+-----------------------------------------------------+
; Port Connectivity Checks: "ClockDivider:clk_mod_rx" ;
+-------+-------+----------+--------------------------+
; Port  ; Type  ; Severity ; Details                  ;
+-------+-------+----------+--------------------------+
; reset ; Input ; Info     ; Stuck at GND             ;
+-------+-------+----------+--------------------------+


+-----------------------------------------------------+
; Port Connectivity Checks: "ClockDivider:clk_mod_tx" ;
+-------+-------+----------+--------------------------+
; Port  ; Type  ; Severity ; Details                  ;
+-------+-------+----------+--------------------------+
; reset ; Input ; Info     ; Stuck at GND             ;
+-------+-------+----------+--------------------------+


+--------------------------------------------+
; Port Connectivity Checks: "uart_rx:rx_mod" ;
+-------+-------+----------+-----------------+
; Port  ; Type  ; Severity ; Details         ;
+-------+-------+----------+-----------------+
; reset ; Input ; Info     ; Stuck at GND    ;
+-------+-------+----------+-----------------+


+-------------------------------------------------------------------------------------------------------------------+
; Port Connectivity Checks: "uart_tx:tx_mod"                                                                        ;
+---------+--------+----------+-------------------------------------------------------------------------------------+
; Port    ; Type   ; Severity ; Details                                                                             ;
+---------+--------+----------+-------------------------------------------------------------------------------------+
; reset   ; Input  ; Info     ; Stuck at GND                                                                        ;
; tx_busy ; Output ; Info     ; Connected to dangling logic. Logic that only feeds a dangling port will be removed. ;
+---------+--------+----------+-------------------------------------------------------------------------------------+


+-----------------------------------------------------+
; Post-Synthesis Netlist Statistics for Top Partition ;
+-----------------------+-----------------------------+
; Type                  ; Count                       ;
+-----------------------+-----------------------------+
; arriav_ff             ; 79                          ;
;     ENA               ; 10                          ;
;     ENA SLD           ; 8                           ;
;     SCLR              ; 32                          ;
;     plain             ; 29                          ;
; arriav_lcell_comb     ; 76                          ;
;     arith             ; 32                          ;
;         1 data inputs ; 32                          ;
;     normal            ; 44                          ;
;         1 data inputs ; 3                           ;
;         2 data inputs ; 5                           ;
;         3 data inputs ; 5                           ;
;         4 data inputs ; 3                           ;
;         5 data inputs ; 18                          ;
;         6 data inputs ; 10                          ;
; boundary_port         ; 24                          ;
;                       ;                             ;
; Max LUT depth         ; 4.10                        ;
; Average LUT depth     ; 2.03                        ;
+-----------------------+-----------------------------+


+-------------------------------+
; Elapsed Time Per Partition    ;
+----------------+--------------+
; Partition Name ; Elapsed Time ;
+----------------+--------------+
; Top            ; 00:00:00     ;
+----------------+--------------+


+-------------------------------+
; Analysis & Synthesis Messages ;
+-------------------------------+
Info: *******************************************************************
Info: Running Quartus Prime Analysis & Synthesis
    Info: Version 22.1std.0 Build 915 10/25/2022 SC Standard Edition
    Info: Processing started: Wed Nov 20 14:22:00 2024
Info: Command: quartus_map --read_settings_files=on --write_settings_files=off Lab2Impl -c Lab2Impl
Warning (18236): Number of processors has not been specified which may cause overloading on shared machines.  Set the global assignment NUM_PARALLEL_PROCESSORS in your QSF to an appropriate value for best performance.
Info (20030): Parallel compilation is enabled and will use 6 of the 6 processors detected
Info (12021): Found 1 design units, including 1 entities, in source file Tx.v
    Info (12023): Found entity 1: uart_tx File: /home/student/Downloads/Lab2uart/Lab2/Tx.v Line: 3
Info (12021): Found 1 design units, including 1 entities, in source file Rx.v
    Info (12023): Found entity 1: uart_rx File: /home/student/Downloads/Lab2uart/Lab2/Rx.v Line: 3
Info (12021): Found 1 design units, including 1 entities, in source file Clock.v
    Info (12023): Found entity 1: ClockDivider File: /home/student/Downloads/Lab2uart/Lab2/Clock.v Line: 3
Info (12021): Found 1 design units, including 1 entities, in source file Lab2Impl.v
    Info (12023): Found entity 1: Lab2Impl File: /home/student/Downloads/Lab2uart/Lab2/Lab2Impl.v Line: 1
Info (12127): Elaborating entity "Lab2Impl" for the top level hierarchy
Info (12128): Elaborating entity "uart_tx" for hierarchy "uart_tx:tx_mod" File: /home/student/Downloads/Lab2uart/Lab2/Lab2Impl.v Line: 23
Warning (10230): Verilog HDL assignment warning at Tx.v(55): truncated value with size 32 to match size of target (4) File: /home/student/Downloads/Lab2uart/Lab2/Tx.v Line: 55
Info (12128): Elaborating entity "uart_rx" for hierarchy "uart_rx:rx_mod" File: /home/student/Downloads/Lab2uart/Lab2/Lab2Impl.v Line: 24
Warning (10230): Verilog HDL assignment warning at Rx.v(49): truncated value with size 32 to match size of target (4) File: /home/student/Downloads/Lab2uart/Lab2/Rx.v Line: 49
Info (12128): Elaborating entity "ClockDivider" for hierarchy "ClockDivider:clk_mod_tx" File: /home/student/Downloads/Lab2uart/Lab2/Lab2Impl.v Line: 25
Info (286030): Timing-Driven Synthesis is running
Info (17049): 8 registers lost all their fanouts during netlist optimizations.
Info (16010): Generating hard_block partition "hard_block:auto_generated_inst"
    Info (16011): Adding 0 node(s), including 0 DDIO, 0 PLL, 0 transceiver and 0 LCELL
Info (21057): Implemented 117 device resources after synthesis - the final resource count might be different
    Info (21058): Implemented 11 input pins
    Info (21059): Implemented 13 output pins
    Info (21061): Implemented 93 logic cells
Info: Quartus Prime Analysis & Synthesis was successful. 0 errors, 3 warnings
    Info: Peak virtual memory: 510 megabytes
    Info: Processing ended: Wed Nov 20 14:22:05 2024
    Info: Elapsed time: 00:00:05
    Info: Total CPU time (on all processors): 00:00:11


